[1013/212619.368:ERROR:directory_reader_win.cc(43)] FindFirstFile: Sistem belirtilen yolu bulam?yor. (0x3)
[1017/152738.839:ERROR:directory_reader_win.cc(43)] FindFirstFile: Sistem belirtilen yolu bulam?yor. (0x3)
[1019/081646.438:ERROR:directory_reader_win.cc(43)] FindFirstFile: Sistem belirtilen yolu bulam?yor. (0x3)
[1019/081952.959:ERROR:directory_reader_win.cc(43)] FindFirstFile: Sistem belirtilen yolu bulam?yor. (0x3)
[1019/082327.698:ERROR:directory_reader_win.cc(43)] FindFirstFile: Sistem belirtilen yolu bulam?yor. (0x3)
[1020/135027.705:ERROR:directory_reader_win.cc(43)] FindFirstFile: Sistem belirtilen yolu bulam?yor. (0x3)
[1022/095415.105:ERROR:directory_reader_win.cc(43)] FindFirstFile: Sistem belirtilen yolu bulam?yor. (0x3)
[1022/100859.312:ERROR:directory_reader_win.cc(43)] FindFirstFile: Sistem belirtilen yolu bulam?yor. (0x3)
[1027/210150.636:ERROR:process_info.cc(329)] VirtualQueryEx: Eri?im engellendi. (0x5)
[1027/210150.643:ERROR:process_info.cc(556)] ReadMemoryInfo failed
[1027/210150.643:ERROR:process_memory_win.cc(39)] Failed to initialize ProcessInfo.
[1027/210150.643:ERROR:scoped_process_suspend.cc(40)] NtResumeProcess: Sona ermekte olan bir i?leme eri?meye ?al???ld?. (0xc000010a)
[1106/124012.677:ERROR:directory_reader_win.cc(43)] FindFirstFile: Sistem belirtilen yolu bulam?yor. (0x3)
[1106/182834.850:ERROR:directory_reader_win.cc(43)] FindFirstFile: Sistem belirtilen yolu bulam?yor. (0x3)
[1106/182834.869:ERROR:prune_crash_reports.cc(36)] PruneCrashReportDatabase: Failed to get pending reports
[1110/203337.006:ERROR:directory_reader_win.cc(43)] FindFirstFile: Sistem belirtilen yolu bulam?yor. (0x3)
[1111/171456.940:ERROR:directory_reader_win.cc(43)] FindFirstFile: Sistem belirtilen yolu bulam?yor. (0x3)
[1111/175812.934:ERROR:directory_reader_win.cc(43)] FindFirstFile: Sistem belirtilen yolu bulam?yor. (0x3)
[1111/201144.219:ERROR:directory_reader_win.cc(43)] FindFirstFile: Sistem belirtilen yolu bulam?yor. (0x3)
[1111/204017.848:ERROR:directory_reader_win.cc(43)] FindFirstFile: Sistem belirtilen yolu bulam?yor. (0x3)
[1111/210050.733:ERROR:directory_reader_win.cc(43)] FindFirstFile: Sistem belirtilen yolu bulam?yor. (0x3)
[1112/155655.590:ERROR:directory_reader_win.cc(43)] FindFirstFile: Sistem belirtilen yolu bulam?yor. (0x3)
[1112/200345.042:ERROR:directory_reader_win.cc(43)] FindFirstFile: Sistem belirtilen yolu bulam?yor. (0x3)
[1112/202120.373:ERROR:directory_reader_win.cc(43)] FindFirstFile: Sistem belirtilen yolu bulam?yor. (0x3)
[1112/202236.319:ERROR:directory_reader_win.cc(43)] FindFirstFile: Sistem belirtilen yolu bulam?yor. (0x3)
[1113/184030.481:ERROR:directory_reader_win.cc(43)] FindFirstFile: Sistem belirtilen yolu bulam?yor. (0x3)
[1113/191223.285:ERROR:directory_reader_win.cc(43)] FindFirstFile: Sistem belirtilen yolu bulam?yor. (0x3)
[1113/191412.963:ERROR:directory_reader_win.cc(43)] FindFirstFile: Sistem belirtilen yolu bulam?yor. (0x3)
[1114/165344.238:ERROR:directory_reader_win.cc(43)] FindFirstFile: Sistem belirtilen yolu bulam?yor. (0x3)
[1117/212613.453:ERROR:directory_reader_win.cc(43)] FindFirstFile: Sistem belirtilen yolu bulam?yor. (0x3)
[1119/205420.244:ERROR:directory_reader_win.cc(43)] FindFirstFile: Sistem belirtilen yolu bulam?yor. (0x3)
[1201/082518.715:ERROR:directory_reader_win.cc(43)] FindFirstFile: Sistem belirtilen yolu bulam?yor. (0x3)
[1201/083104.115:ERROR:directory_reader_win.cc(43)] FindFirstFile: Sistem belirtilen yolu bulam?yor. (0x3)
[1201/090448.078:ERROR:directory_reader_win.cc(43)] FindFirstFile: Sistem belirtilen yolu bulam?yor. (0x3)
[1201/090912.864:ERROR:directory_reader_win.cc(43)] FindFirstFile: Sistem belirtilen yolu bulam?yor. (0x3)
[1201/123653.426:ERROR:directory_reader_win.cc(43)] FindFirstFile: Sistem belirtilen yolu bulam?yor. (0x3)
[1201/123947.825:ERROR:directory_reader_win.cc(43)] FindFirstFile: Sistem belirtilen yolu bulam?yor. (0x3)
[1201/140916.908:ERROR:directory_reader_win.cc(43)] FindFirstFile: Sistem belirtilen yolu bulam?yor. (0x3)
[1201/163843.168:ERROR:directory_reader_win.cc(43)] FindFirstFile: Sistem belirtilen yolu bulam?yor. (0x3)
[1201/194251.818:ERROR:directory_reader_win.cc(43)] FindFirstFile: Sistem belirtilen yolu bulam?yor. (0x3)
[1202/094955.692:ERROR:directory_reader_win.cc(43)] FindFirstFile: Sistem belirtilen yolu bulam?yor. (0x3)
[1202/120613.941:ERROR:directory_reader_win.cc(43)] FindFirstFile: Sistem belirtilen yolu bulam?yor. (0x3)
[1202/123431.099:ERROR:directory_reader_win.cc(43)] FindFirstFile: Sistem belirtilen yolu bulam?yor. (0x3)
[1202/124211.569:ERROR:directory_reader_win.cc(43)] FindFirstFile: Sistem belirtilen yolu bulam?yor. (0x3)
[1202/130851.669:ERROR:directory_reader_win.cc(43)] FindFirstFile: Sistem belirtilen yolu bulam?yor. (0x3)
[1202/132622.913:ERROR:directory_reader_win.cc(43)] FindFirstFile: Sistem belirtilen yolu bulam?yor. (0x3)
[1202/133248.116:ERROR:directory_reader_win.cc(43)] FindFirstFile: Sistem belirtilen yolu bulam?yor. (0x3)
[1202/135144.763:ERROR:directory_reader_win.cc(43)] FindFirstFile: Sistem belirtilen yolu bulam?yor. (0x3)
[1202/135412.534:ERROR:directory_reader_win.cc(43)] FindFirstFile: Sistem belirtilen yolu bulam?yor. (0x3)
[1202/141357.993:ERROR:directory_reader_win.cc(43)] FindFirstFile: Sistem belirtilen yolu bulam?yor. (0x3)
[1202/145101.877:ERROR:directory_reader_win.cc(43)] FindFirstFile: Sistem belirtilen yolu bulam?yor. (0x3)
[1202/151233.274:ERROR:directory_reader_win.cc(43)] FindFirstFile: Sistem belirtilen yolu bulam?yor. (0x3)
[1202/171918.556:ERROR:directory_reader_win.cc(43)] FindFirstFile: Sistem belirtilen yolu bulam?yor. (0x3)
[1202/191333.138:ERROR:directory_reader_win.cc(43)] FindFirstFile: Sistem belirtilen yolu bulam?yor. (0x3)
[1203/114139.246:ERROR:directory_reader_win.cc(43)] FindFirstFile: Sistem belirtilen yolu bulam?yor. (0x3)
[1203/115556.899:ERROR:directory_reader_win.cc(43)] FindFirstFile: Sistem belirtilen yolu bulam?yor. (0x3)
[1203/122742.276:ERROR:directory_reader_win.cc(43)] FindFirstFile: Sistem belirtilen yolu bulam?yor. (0x3)
[1207/220909.181:ERROR:directory_reader_win.cc(43)] FindFirstFile: Sistem belirtilen yolu bulam?yor. (0x3)
[1207/221735.305:ERROR:directory_reader_win.cc(43)] FindFirstFile: Sistem belirtilen yolu bulam?yor. (0x3)
[1208/115133.776:ERROR:directory_reader_win.cc(43)] FindFirstFile: Sistem belirtilen yolu bulam?yor. (0x3)
[1208/214842.346:ERROR:directory_reader_win.cc(43)] FindFirstFile: Sistem belirtilen yolu bulam?yor. (0x3)
[1209/082950.925:ERROR:directory_reader_win.cc(43)] FindFirstFile: Sistem belirtilen yolu bulam?yor. (0x3)
[1209/083209.794:ERROR:directory_reader_win.cc(43)] FindFirstFile: Sistem belirtilen yolu bulam?yor. (0x3)
[1210/221545.189:ERROR:directory_reader_win.cc(43)] FindFirstFile: Sistem belirtilen yolu bulam?yor. (0x3)
[1210/221741.127:ERROR:directory_reader_win.cc(43)] FindFirstFile: Sistem belirtilen yolu bulam?yor. (0x3)
[1210/222312.538:ERROR:directory_reader_win.cc(43)] FindFirstFile: Sistem belirtilen yolu bulam?yor. (0x3)
[1212/124703.573:ERROR:directory_reader_win.cc(43)] FindFirstFile: Sistem belirtilen yolu bulam?yor. (0x3)
[1212/150103.614:ERROR:directory_reader_win.cc(43)] FindFirstFile: Sistem belirtilen yolu bulam?yor. (0x3)
[1212/160345.650:ERROR:directory_reader_win.cc(43)] FindFirstFile: Sistem belirtilen yolu bulam?yor. (0x3)
[1219/111433.303:ERROR:directory_reader_win.cc(43)] FindFirstFile: Sistem belirtilen yolu bulam?yor. (0x3)
[1219/111733.753:ERROR:directory_reader_win.cc(43)] FindFirstFile: Sistem belirtilen yolu bulam?yor. (0x3)
[1219/124520.064:ERROR:directory_reader_win.cc(43)] FindFirstFile: Sistem belirtilen yolu bulam?yor. (0x3)
[1228/014506.426:ERROR:directory_reader_win.cc(43)] FindFirstFile: Sistem belirtilen yolu bulam?yor. (0x3)
[1228/014842.299:ERROR:directory_reader_win.cc(43)] FindFirstFile: Sistem belirtilen yolu bulam?yor. (0x3)
[1228/105615.163:ERROR:directory_reader_win.cc(43)] FindFirstFile: Sistem belirtilen yolu bulam?yor. (0x3)
[1228/113311.386:ERROR:directory_reader_win.cc(43)] FindFirstFile: Sistem belirtilen yolu bulam?yor. (0x3)
[1228/130152.504:ERROR:directory_reader_win.cc(43)] FindFirstFile: Sistem belirtilen yolu bulam?yor. (0x3)
[1228/135746.038:ERROR:directory_reader_win.cc(43)] FindFirstFile: Sistem belirtilen yolu bulam?yor. (0x3)
[1228/140141.318:ERROR:directory_reader_win.cc(43)] FindFirstFile: Sistem belirtilen yolu bulam?yor. (0x3)
[1228/161235.017:ERROR:directory_reader_win.cc(43)] FindFirstFile: Sistem belirtilen yolu bulam?yor. (0x3)
[1228/163318.289:ERROR:directory_reader_win.cc(43)] FindFirstFile: Sistem belirtilen yolu bulam?yor. (0x3)
[0103/113904.973:ERROR:directory_reader_win.cc(43)] FindFirstFile: Sistem belirtilen yolu bulam?yor. (0x3)
[0103/121957.720:ERROR:directory_reader_win.cc(43)] FindFirstFile: Sistem belirtilen yolu bulam?yor. (0x3)
[0103/122456.441:ERROR:directory_reader_win.cc(43)] FindFirstFile: Sistem belirtilen yolu bulam?yor. (0x3)
[0103/122744.488:ERROR:directory_reader_win.cc(43)] FindFirstFile: Sistem belirtilen yolu bulam?yor. (0x3)
[0103/185529.837:ERROR:directory_reader_win.cc(43)] FindFirstFile: Sistem belirtilen yolu bulam?yor. (0x3)
[0103/190114.184:ERROR:directory_reader_win.cc(43)] FindFirstFile: Sistem belirtilen yolu bulam?yor. (0x3)
[0105/050932.456:ERROR:directory_reader_win.cc(43)] FindFirstFile: Sistem belirtilen yolu bulam?yor. (0x3)
[0105/052749.006:ERROR:directory_reader_win.cc(43)] FindFirstFile: Sistem belirtilen yolu bulam?yor. (0x3)
[0105/060240.734:ERROR:directory_reader_win.cc(43)] FindFirstFile: Sistem belirtilen yolu bulam?yor. (0x3)
[0105/065007.866:ERROR:directory_reader_win.cc(43)] FindFirstFile: Sistem belirtilen yolu bulam?yor. (0x3)
[0105/065659.199:ERROR:directory_reader_win.cc(43)] FindFirstFile: Sistem belirtilen yolu bulam?yor. (0x3)
[0105/070257.852:ERROR:directory_reader_win.cc(43)] FindFirstFile: Sistem belirtilen yolu bulam?yor. (0x3)
[0105/072351.865:ERROR:directory_reader_win.cc(43)] FindFirstFile: Sistem belirtilen yolu bulam?yor. (0x3)
[0105/073044.953:ERROR:directory_reader_win.cc(43)] FindFirstFile: Sistem belirtilen yolu bulam?yor. (0x3)
[0105/074446.371:ERROR:directory_reader_win.cc(43)] FindFirstFile: Sistem belirtilen yolu bulam?yor. (0x3)
[0105/075230.795:ERROR:directory_reader_win.cc(43)] FindFirstFile: Sistem belirtilen yolu bulam?yor. (0x3)
[0105/124351.021:ERROR:directory_reader_win.cc(43)] FindFirstFile: Sistem belirtilen yolu bulam?yor. (0x3)
[0105/124754.127:ERROR:directory_reader_win.cc(43)] FindFirstFile: Sistem belirtilen yolu bulam?yor. (0x3)
[0105/125008.224:ERROR:directory_reader_win.cc(43)] FindFirstFile: Sistem belirtilen yolu bulam?yor. (0x3)
[0105/125318.226:ERROR:directory_reader_win.cc(43)] FindFirstFile: Sistem belirtilen yolu bulam?yor. (0x3)
[0105/125652.079:ERROR:directory_reader_win.cc(43)] FindFirstFile: Sistem belirtilen yolu bulam?yor. (0x3)
[0105/142950.910:ERROR:directory_reader_win.cc(43)] FindFirstFile: Sistem belirtilen yolu bulam?yor. (0x3)
[0105/194517.161:ERROR:directory_reader_win.cc(43)] FindFirstFile: Sistem belirtilen yolu bulam?yor. (0x3)
[0107/102427.298:ERROR:directory_reader_win.cc(43)] FindFirstFile: Sistem belirtilen yolu bulam?yor. (0x3)
[0107/124249.347:ERROR:directory_reader_win.cc(43)] FindFirstFile: Sistem belirtilen yolu bulam?yor. (0x3)
[0107/130239.915:ERROR:directory_reader_win.cc(43)] FindFirstFile: Sistem belirtilen yolu bulam?yor. (0x3)
[0107/144906.225:ERROR:directory_reader_win.cc(43)] FindFirstFile: Sistem belirtilen yolu bulam?yor. (0x3)
[0107/201637.975:ERROR:directory_reader_win.cc(43)] FindFirstFile: Sistem belirtilen yolu bulam?yor. (0x3)
[0107/201937.905:ERROR:directory_reader_win.cc(43)] FindFirstFile: Sistem belirtilen yolu bulam?yor. (0x3)
[0107/202338.405:ERROR:directory_reader_win.cc(43)] FindFirstFile: Sistem belirtilen yolu bulam?yor. (0x3)
[0109/100502.442:ERROR:directory_reader_win.cc(43)] FindFirstFile: Sistem belirtilen yolu bulam?yor. (0x3)
[0109/100901.473:ERROR:directory_reader_win.cc(43)] FindFirstFile: Sistem belirtilen yolu bulam?yor. (0x3)
[0109/103250.769:ERROR:directory_reader_win.cc(43)] FindFirstFile: Sistem belirtilen yolu bulam?yor. (0x3)
